2007-10-28 21:05:23 Notice: Notice (8): Undefined variable: javascript in [CORE/app/views/layouts/default.ctp, line 31]
2007-10-28 21:05:54 Notice: Notice (8): Undefined variable: javascript in [CORE/app/views/layouts/default.ctp, line 31]
2007-10-28 21:05:54 Notice: Notice (8): Undefined variable: javascript in [CORE/app/views/layouts/default.ctp, line 31]
2007-10-28 21:26:45 Notice: Notice (8): Undefined variable: javascript in [CORE/app/views/layouts/default.ctp, line 31]
2007-10-28 21:26:45 Notice: Notice (8): Undefined variable: javascript in [CORE/app/views/layouts/default.ctp, line 31]
2007-10-28 21:26:45 Notice: Notice (8): Undefined variable: javascript in [CORE/app/views/layouts/default.ctp, line 31]
2007-10-28 21:28:29 Notice: Notice (8): Undefined variable: javascript in [CORE/app/views/layouts/default.ctp, line 31]
2007-10-28 21:28:29 Notice: Notice (8): Undefined variable: javascript in [CORE/app/views/layouts/default.ctp, line 31]
2007-10-28 21:34:36 Notice: Notice (8): Undefined variable: javascript in [CORE/app/views/layouts/default.ctp, line 31]
2007-10-28 21:36:57 Notice: Notice (8): Undefined variable: javascript in [CORE/app/views/layouts/default.ctp, line 31]
2007-10-28 21:37:05 Notice: Notice (8): Undefined variable: javascript in [CORE/app/views/layouts/default.ctp, line 31]
2007-10-28 21:37:19 Notice: Notice (8): Undefined variable: javascript in [CORE/app/views/layouts/default.ctp, line 31]
2007-10-28 21:37:22 Notice: Notice (8): Undefined variable: javascript in [CORE/app/views/layouts/default.ctp, line 31]
2007-10-28 21:37:28 Notice: Notice (8): Undefined variable: javascript in [CORE/app/views/layouts/default.ctp, line 31]
2007-10-28 21:37:47 Notice: Notice (8): Undefined variable: javascript in [CORE/app/views/layouts/default.ctp, line 31]
2007-10-28 21:37:49 Notice: Notice (8): Undefined variable: javascript in [CORE/app/views/layouts/default.ctp, line 31]
2007-10-28 21:38:32 Notice: Notice (8): Undefined variable: search in [CORE/app/views/faculty/index.ctp, line 3]
2007-10-28 21:38:32 Notice: Notice (8): Undefined variable: search in [CORE/app/views/faculty/index.ctp, line 13]
2007-10-28 21:38:32 Notice: Notice (8): Undefined variable: javascript in [CORE/app/views/layouts/default.ctp, line 31]
2007-10-28 21:38:32 Notice: Notice (8): Undefined variable: javascript in [CORE/app/views/layouts/default.ctp, line 31]
2007-10-28 21:38:49 Notice: Notice (8): Undefined variable: javascript in [CORE/app/views/layouts/default.ctp, line 31]
2007-10-28 21:41:43 Notice: Notice (8): Undefined variable: javascript in [CORE/app/views/layouts/default.ctp, line 31]
2007-10-28 21:41:46 Notice: Notice (8): Undefined variable: javascript in [CORE/app/views/layouts/default.ctp, line 31]
2007-10-28 21:41:49 Notice: Notice (8): Undefined variable: javascript in [CORE/app/views/layouts/default.ctp, line 31]
2007-10-28 21:45:08 Notice: Notice (8): Undefined variable: javascript in [CORE/app/views/layouts/default.ctp, line 31]
2007-10-28 21:45:08 Notice: Notice (8): Undefined variable: javascript in [CORE/app/views/layouts/default.ctp, line 31]
2007-10-28 21:45:12 Notice: Notice (8): Undefined variable: javascript in [CORE/app/views/layouts/default.ctp, line 31]
2007-10-28 21:45:12 Notice: Notice (8): Undefined variable: javascript in [CORE/app/views/layouts/default.ctp, line 31]
2007-10-28 21:45:17 Notice: Notice (8): Undefined variable: javascript in [CORE/app/views/layouts/default.ctp, line 31]
2007-10-28 21:45:17 Notice: Notice (8): Undefined variable: javascript in [CORE/app/views/layouts/default.ctp, line 31]
2007-10-28 21:46:39 Notice: Notice (8): Undefined variable: javascript in [CORE/app/views/layouts/default.ctp, line 31]
2007-10-28 21:53:28 Notice: Notice (8): Undefined variable: javascript in [CORE/app/views/layouts/default.ctp, line 31]
2007-10-28 21:53:31 Notice: Notice (8): Undefined variable: javascript in [CORE/app/views/layouts/default.ctp, line 31]
2007-10-28 21:53:31 Notice: Notice (8): Undefined variable: javascript in [CORE/app/views/layouts/default.ctp, line 31]
2007-10-28 21:53:33 Notice: Notice (8): Undefined variable: javascript in [CORE/app/views/layouts/default.ctp, line 31]
2007-10-28 21:53:33 Notice: Notice (8): Undefined variable: javascript in [CORE/app/views/layouts/default.ctp, line 31]
2007-10-28 21:53:41 Notice: Notice (8): Undefined variable: javascript in [CORE/app/views/layouts/default.ctp, line 31]
2007-10-28 21:58:33 Notice: Notice (8): Undefined variable: javascript in [CORE/app/views/layouts/default.ctp, line 31]
2007-10-28 21:58:55 Notice: Notice (8): Undefined variable: javascript in [CORE/app/views/layouts/default.ctp, line 31]
2007-10-28 21:59:13 Notice: Notice (8): Undefined variable: javascript in [CORE/app/views/layouts/default.ctp, line 31]
2007-10-28 22:22:01 Notice: Notice (8): Undefined variable: search in [CORE/app/views/faculty/index.ctp, line 2]
2007-10-28 22:22:01 Notice: Notice (8): Undefined variable: search in [CORE/app/views/faculty/index.ctp, line 11]
2007-10-28 22:22:01 Notice: Notice (8): Undefined variable: javascript in [CORE/app/views/layouts/default.ctp, line 31]
2007-10-28 22:22:01 Notice: Notice (8): Undefined variable: javascript in [CORE/app/views/layouts/default.ctp, line 31]
2007-10-29 13:12:18 Notice: Notice (8): Undefined variable: javascript in [CORE/app/views/layouts/default.ctp, line 31]
2007-10-29 13:12:28 Notice: Notice (8): Undefined variable: javascript in [CORE/app/views/layouts/default.ctp, line 31]
2007-10-29 13:12:38 Notice: Notice (8): Undefined variable: javascript in [CORE/app/views/layouts/default.ctp, line 31]
2007-10-29 13:12:46 Notice: Notice (8): Undefined variable: javascript in [CORE/app/views/layouts/default.ctp, line 31]
2007-10-29 13:12:53 Notice: Notice (8): Undefined variable: javascript in [CORE/app/views/layouts/default.ctp, line 31]
2007-10-29 13:12:56 Notice: Notice (8): Undefined variable: javascript in [CORE/app/views/layouts/default.ctp, line 31]
2007-10-29 13:13:00 Notice: Notice (8): Undefined variable: javascript in [CORE/app/views/layouts/default.ctp, line 31]
2007-10-29 13:13:09 Notice: Notice (8): Undefined variable: search in [CORE/app/views/faculty/index.ctp, line 2]
2007-10-29 13:13:09 Notice: Notice (8): Undefined variable: search in [CORE/app/views/faculty/index.ctp, line 11]
2007-10-29 13:13:09 Notice: Notice (8): Undefined variable: javascript in [CORE/app/views/layouts/default.ctp, line 31]
2007-10-29 13:13:09 Notice: Notice (8): Undefined variable: javascript in [CORE/app/views/layouts/default.ctp, line 31]
2007-10-29 13:13:09 Notice: Notice (8): Undefined variable: search in [CORE/app/views/faculty/index.ctp, line 2]
2007-10-29 13:13:09 Notice: Notice (8): Undefined variable: search in [CORE/app/views/faculty/index.ctp, line 11]
2007-10-29 13:13:09 Notice: Notice (8): Undefined variable: search in [CORE/app/views/faculty/index.ctp, line 2]
2007-10-29 13:13:09 Notice: Notice (8): Undefined variable: search in [CORE/app/views/faculty/index.ctp, line 11]
2007-10-29 13:13:09 Notice: Notice (8): Undefined variable: javascript in [CORE/app/views/layouts/default.ctp, line 31]
2007-10-29 13:13:09 Notice: Notice (8): Undefined variable: search in [CORE/app/views/faculty/index.ctp, line 2]
2007-10-29 13:13:09 Notice: Notice (8): Undefined variable: search in [CORE/app/views/faculty/index.ctp, line 11]
2007-10-29 13:13:09 Notice: Notice (8): Undefined variable: javascript in [CORE/app/views/layouts/default.ctp, line 31]
2007-10-29 13:13:13 Notice: Notice (8): Undefined variable: search in [CORE/app/views/faculty/index.ctp, line 2]
2007-10-29 13:13:13 Notice: Notice (8): Undefined variable: search in [CORE/app/views/faculty/index.ctp, line 11]
2007-10-29 13:13:13 Notice: Notice (8): Undefined variable: javascript in [CORE/app/views/layouts/default.ctp, line 31]
2007-10-29 13:13:13 Notice: Notice (8): Undefined variable: javascript in [CORE/app/views/layouts/default.ctp, line 31]
2007-10-29 13:13:17 Notice: Notice (8): Undefined variable: javascript in [CORE/app/views/layouts/default.ctp, line 31]
2007-10-29 13:13:21 Notice: Notice (8): Undefined variable: javascript in [CORE/app/views/layouts/default.ctp, line 31]
2007-10-29 13:13:21 Notice: Notice (8): Undefined variable: javascript in [CORE/app/views/layouts/default.ctp, line 31]
2007-10-29 14:47:54 Notice: Notice (8): Undefined variable: javascript in [CORE/app/views/layouts/default.ctp, line 31]
2007-10-29 14:47:54 Notice: Notice (8): Undefined variable: javascript in [CORE/app/views/layouts/default.ctp, line 31]
2007-10-29 14:50:10 Notice: Notice (8): Undefined variable: javascript in [CORE/app/views/layouts/default.ctp, line 31]
2007-10-29 14:50:11 Notice: Notice (8): Undefined variable: javascript in [CORE/app/views/layouts/default.ctp, line 31]
2007-10-29 14:50:45 Notice: Notice (8): Undefined variable: javascript in [CORE/app/views/layouts/default.ctp, line 31]
2007-10-29 14:50:46 Notice: Notice (8): Undefined variable: javascript in [CORE/app/views/layouts/default.ctp, line 31]
2007-11-06 14:40:05 Notice: Notice (8): Undefined variable: javascript in [CORE/app/views/layouts/default.ctp, line 31]
2007-11-06 15:09:23 Notice: Notice (8): Undefined variable: javascript in [CORE/app/views/layouts/default.ctp, line 31]
2007-11-06 15:09:31 Notice: Notice (8): Undefined variable: javascript in [CORE/app/views/layouts/default.ctp, line 31]
2007-11-06 15:30:06 Notice: Notice (8): Undefined variable: ds in [CORE/app/controllers/faculty_controller.php, line 26]
2007-11-06 15:53:24 Notice: Notice (8): Undefined variable: ds in [CORE/app/controllers/faculty_controller.php, line 24]
2007-11-06 15:53:24 Notice: Notice (8): Undefined variable: ds in [CORE/app/controllers/faculty_controller.php, line 25]
2007-11-06 15:53:24 Notice: Notice (8): Undefined offset:  0 in [CORE/app/controllers/faculty_controller.php, line 13]
2007-11-06 16:34:24 Notice: Notice (8): Undefined variable: f in [CORE/app/views/faculty/index.ctp, line 2]
2007-11-06 16:34:24 Notice: Notice (8): Undefined variable: f in [CORE/app/views/faculty/index.ctp, line 10]
2007-11-06 16:34:24 Notice: Notice (8): Undefined variable: f in [CORE/app/views/faculty/index.ctp, line 11]
2007-11-06 16:34:24 Notice: Notice (8): Undefined variable: f in [CORE/app/views/faculty/index.ctp, line 12]
2007-11-06 16:34:24 Notice: Notice (8): Undefined variable: f in [CORE/app/views/faculty/index.ctp, line 13]
2007-11-06 16:34:24 Notice: Notice (8): Undefined variable: f in [CORE/app/views/faculty/index.ctp, line 15]
2007-11-06 16:34:24 Notice: Notice (8): Undefined variable: f in [CORE/app/views/faculty/index.ctp, line 17]
2007-11-06 16:48:59 Notice: Notice (8): Undefined variable: isForm in [CORE/app/views/faculty/edit.ctp, line 3]
2007-11-06 16:50:05 Notice: Notice (8): Undefined variable: f in [CORE/app/views/faculty/edit.ctp, line 17]
2007-11-06 16:50:05 Notice: Notice (8): Undefined variable: f in [CORE/app/views/faculty/edit.ctp, line 25]
2007-11-06 16:50:05 Notice: Notice (8): Undefined variable: f in [CORE/app/views/faculty/edit.ctp, line 26]
2007-11-06 16:50:05 Notice: Notice (8): Undefined variable: f in [CORE/app/views/faculty/edit.ctp, line 27]
2007-11-06 16:50:05 Notice: Notice (8): Undefined variable: f in [CORE/app/views/faculty/edit.ctp, line 28]
2007-11-06 16:50:05 Notice: Notice (8): Undefined variable: f in [CORE/app/views/faculty/edit.ctp, line 30]
2007-11-06 16:50:05 Notice: Notice (8): Undefined variable: f in [CORE/app/views/faculty/edit.ctp, line 32]
2007-11-06 16:50:30 Notice: Notice (8): Undefined variable: f in [CORE/app/views/faculty/edit.ctp, line 17]
2007-11-06 16:50:30 Notice: Notice (8): Undefined variable: f in [CORE/app/views/faculty/edit.ctp, line 25]
2007-11-06 16:50:30 Notice: Notice (8): Undefined variable: f in [CORE/app/views/faculty/edit.ctp, line 26]
2007-11-06 16:50:30 Notice: Notice (8): Undefined variable: f in [CORE/app/views/faculty/edit.ctp, line 27]
2007-11-06 16:50:30 Notice: Notice (8): Undefined variable: f in [CORE/app/views/faculty/edit.ctp, line 28]
2007-11-06 16:50:30 Notice: Notice (8): Undefined variable: f in [CORE/app/views/faculty/edit.ctp, line 30]
2007-11-06 16:50:30 Notice: Notice (8): Undefined variable: f in [CORE/app/views/faculty/edit.ctp, line 32]
2007-11-06 16:58:38 Notice: Notice (8): Undefined variable: error in [CORE/app/views/faculty/edit.ctp, line 5]
2007-11-06 16:58:38 Notice: Notice (8): Undefined variable: d in [CORE/app/views/faculty/edit.ctp, line 38]
2007-11-06 16:58:58 Notice: Notice (8): Undefined variable: d in [CORE/app/views/faculty/edit.ctp, line 38]
2007-11-06 16:59:00 Notice: Notice (8): Undefined variable: d in [CORE/app/views/faculty/edit.ctp, line 38]
2007-11-06 16:59:01 Notice: Notice (8): Undefined variable: d in [CORE/app/views/faculty/edit.ctp, line 38]
2007-11-06 16:59:01 Notice: Notice (8): Undefined variable: d in [CORE/app/views/faculty/edit.ctp, line 38]
2007-11-06 17:00:47 Notice: Notice (8): Undefined variable: f in [CORE/app/views/faculty/edit.ctp, line 12]
2007-11-06 19:14:40 Notice: Notice (8): Undefined variable: which in [CORE/app/views/faculty/updated.ctp, line 1]
