2007-10-28 21:05:23 Warning: Warning (512): Method HtmlHelper::charsetTag does not exist in [CORE/cake/libs/view/helper.php, line 148]
2007-10-28 21:05:54 Warning: Warning (512): Method HtmlHelper::charsetTag does not exist in [CORE/cake/libs/view/helper.php, line 148]
2007-10-28 21:05:54 Warning: Warning (512): Method HtmlHelper::charsetTag does not exist in [CORE/cake/libs/view/helper.php, line 148]
2007-10-28 21:23:50 Warning: Warning (2): Missing argument 1 for FacultyController::index() in [CORE/app/controllers/faculty_controller.php, line 7]
2007-10-28 21:24:08 Warning: Warning (2): Missing argument 1 for FacultyController::index() in [CORE/app/controllers/faculty_controller.php, line 7]
2007-10-28 21:25:17 Warning: Warning (2): Missing argument 1 for FacultyController::index() in [CORE/app/controllers/faculty_controller.php, line 7]
2007-10-28 21:25:32 Warning: Warning (2): Missing argument 1 for FacultyController::index() in [CORE/app/controllers/faculty_controller.php, line 7]
2007-10-28 21:25:33 Warning: Warning (2): Missing argument 1 for FacultyController::index() in [CORE/app/controllers/faculty_controller.php, line 7]
2007-10-28 21:25:43 Warning: Warning (2): Missing argument 1 for FacultyController::index() in [CORE/app/controllers/faculty_controller.php, line 7]
2007-10-28 21:26:45 Warning: Warning (2): Missing argument 1 for FacultyController::index() in [CORE/app/controllers/faculty_controller.php, line 7]
2007-10-28 21:28:29 Warning: Warning (2): Missing argument 1 for FacultyController::index() in [CORE/app/controllers/faculty_controller.php, line 7]
2007-10-28 21:45:11 Warning: Warning (2): Missing argument 1 for FacultyController::view() in [CORE/app/controllers/faculty_controller.php, line 11]
2007-10-28 21:45:17 Warning: Warning (2): Missing argument 1 for FacultyController::view() in [CORE/app/controllers/faculty_controller.php, line 11]
2007-11-06 14:40:04 Warning: Warning (2): mysql_connect() [<a href='http://php.net/function.mysql-connect'>function.mysql-connect</a>]: Can't connect to local MySQL server through socket '/opt/local/var/run/mysql5/mysqld.sock' (2) in [CORE/cake/libs/model/datasources/dbo/dbo_mysql.php, line 100]
2007-11-06 14:40:04 Warning: Warning (2): mysql_select_db(): supplied argument is not a valid MySQL-Link resource in [CORE/cake/libs/model/datasources/dbo/dbo_mysql.php, line 105]
2007-11-06 14:40:04 Warning: Warning (2): mysql_query(): supplied argument is not a valid MySQL-Link resource in [CORE/cake/libs/model/datasources/dbo/dbo_mysql.php, line 133]
2007-11-06 15:30:06 Warning: Warning (2): ldap_search(): supplied argument is not a valid ldap link resource in [CORE/app/controllers/faculty_controller.php, line 26]
2007-11-06 15:30:06 Warning: Warning (2): ldap_get_entries(): supplied argument is not a valid ldap link resource in [CORE/app/controllers/faculty_controller.php, line 27]
2007-11-06 15:30:06 Warning: Warning (2): in_array() [<a href='http://php.net/function.in-array'>function.in-array</a>]: Wrong datatype for second argument in [CORE/app/controllers/faculty_controller.php, line 30]
2007-11-06 15:30:40 Warning: Warning (2): ldap_search(): supplied argument is not a valid ldap link resource in [CORE/app/controllers/faculty_controller.php, line 26]
2007-11-06 15:30:40 Warning: Warning (2): ldap_get_entries(): supplied argument is not a valid ldap link resource in [CORE/app/controllers/faculty_controller.php, line 27]
2007-11-06 15:30:40 Warning: Warning (2): in_array() [<a href='http://php.net/function.in-array'>function.in-array</a>]: Wrong datatype for second argument in [CORE/app/controllers/faculty_controller.php, line 30]
2007-11-06 15:53:24 Warning: Warning (2): ldap_bind() expects parameter 1 to be resource, null given in [CORE/app/controllers/faculty_controller.php, line 25]
2007-11-06 15:53:24 Warning: Warning (2): in_array() [<a href='http://php.net/function.in-array'>function.in-array</a>]: Wrong datatype for second argument in [CORE/app/controllers/faculty_controller.php, line 15]
2007-11-06 16:20:26 Warning: Warning (2): Invalid argument supplied for foreach() in [CORE/app/controllers/faculty_controller.php, line 25]
2007-11-06 16:48:51 Warning: Warning (2): ldap_unbind() expects parameter 1 to be resource, boolean given in [CORE/app/controllers/faculty_controller.php, line 66]
2007-11-06 19:36:48 Warning: Warning (2): ldap_bind() [<a href='http://php.net/function.ldap-bind'>function.ldap-bind</a>]: Unable to bind to server: Invalid credentials in [CORE/app/controllers/faculty_controller.php, line 57]
2007-11-08 15:31:54 Warning: Warning (512): <span style = "color:Red;text-align:left"><b>SQL Error:</b> 1064: You have an error in your SQL syntax; check the manual that corresponds to your MySQL server version for the right syntax to use near 'WHERE id = 'test'' at line 1</span> in [CORE/cake/libs/model/datasources/dbo_source.php, line 440]
2007-11-08 15:48:51 Warning: Warning (512): <span style = "color:Red;text-align:left"><b>SQL Error:</b> 1064: You have an error in your SQL syntax; check the manual that corresponds to your MySQL server version for the right syntax to use near 'id = 'test'' at line 1</span> in [CORE/cake/libs/model/datasources/dbo_source.php, line 440]
2007-11-08 15:50:11 Warning: Warning (512): <span style = "color:Red;text-align:left"><b>SQL Error:</b> 1064: You have an error in your SQL syntax; check the manual that corresponds to your MySQL server version for the right syntax to use near 'id = 'test'' at line 1</span> in [CORE/cake/libs/model/datasources/dbo_source.php, line 440]
2007-11-08 16:02:27 Warning: Warning (512): <span style = "color:Red;text-align:left"><b>SQL Error:</b> 1064: You have an error in your SQL syntax; check the manual that corresponds to your MySQL server version for the right syntax to use near 'WHERE id = 'test'' at line 1</span> in [CORE/cake/libs/model/datasources/dbo_source.php, line 440]
2007-11-08 16:16:46 Warning: Warning (512): <span style = "color:Red;text-align:left"><b>SQL Error:</b> 1064: You have an error in your SQL syntax; check the manual that corresponds to your MySQL server version for the right syntax to use near 'WHERE id = ''' at line 1</span> in [CORE/cake/libs/model/datasources/dbo_source.php, line 440]
2007-11-08 16:28:20 Warning: Warning (2): move_uploaded_file(/cake//images/faculty) [<a href='http://php.net/function.move-uploaded-file'>function.move-uploaded-file</a>]: failed to open stream: No such file or directory in [CORE/app/controllers/faculty_controller.php, line 122]
2007-11-08 16:28:20 Warning: Warning (2): move_uploaded_file() [<a href='http://php.net/function.move-uploaded-file'>function.move-uploaded-file</a>]: Unable to move '/var/tmp/phpFoobrw' to '/cake//images/faculty' in [CORE/app/controllers/faculty_controller.php, line 122]
2007-11-08 16:31:19 Warning: Warning (2): move_uploaded_file(/Library/WebServer/Documents/cake/app/controllers/faculty_controller.php../webroot/images/faculty) [<a href='http://php.net/function.move-uploaded-file'>function.move-uploaded-file</a>]: failed to open stream: No such file or directory in [CORE/app/controllers/faculty_controller.php, line 122]
2007-11-08 16:31:19 Warning: Warning (2): move_uploaded_file() [<a href='http://php.net/function.move-uploaded-file'>function.move-uploaded-file</a>]: Unable to move '/var/tmp/phpm5QtJs' to '/Library/WebServer/Documents/cake/app/controllers/faculty_controller.php../webroot/images/faculty' in [CORE/app/controllers/faculty_controller.php, line 122]
2007-11-08 16:32:39 Warning: Warning (2): move_uploaded_file(/Library/WebServer/Documents/cake/app/controllers/../webroot/images/faculty) [<a href='http://php.net/function.move-uploaded-file'>function.move-uploaded-file</a>]: failed to open stream: Is a directory in [CORE/app/controllers/faculty_controller.php, line 122]
2007-11-08 16:32:39 Warning: Warning (2): move_uploaded_file() [<a href='http://php.net/function.move-uploaded-file'>function.move-uploaded-file</a>]: Unable to move '/var/tmp/phpZXKmAv' to '/Library/WebServer/Documents/cake/app/controllers/../webroot/images/faculty' in [CORE/app/controllers/faculty_controller.php, line 122]
2007-11-09 14:22:04 Warning: Warning (512): <span style = "color:Red;text-align:left"><b>SQL Error:</b> 1064: You have an error in your SQL syntax; check the manual that corresponds to your MySQL server version for the right syntax to use near 'WHERE id = 'test'' at line 1</span> in [CORE/cake/libs/model/datasources/dbo_source.php, line 440]
2007-12-13 22:47:50 Warning: Warning (2): mysql_connect() [<a href='http://php.net/function.mysql-connect'>function.mysql-connect</a>]: Can't connect to local MySQL server through socket '/var/mysql/mysql.sock' (2) in [CORE/cake/libs/model/datasources/dbo/dbo_mysql.php, line 100]
2007-12-13 22:47:50 Warning: Warning (2): mysql_select_db(): supplied argument is not a valid MySQL-Link resource in [CORE/cake/libs/model/datasources/dbo/dbo_mysql.php, line 105]
2007-12-13 22:47:50 Warning: Warning (2): mysql_query(): supplied argument is not a valid MySQL-Link resource in [CORE/cake/libs/model/datasources/dbo/dbo_mysql.php, line 133]
2007-12-13 22:50:59 Warning: Warning (2): mysql_connect() [<a href='http://php.net/function.mysql-connect'>function.mysql-connect</a>]: Can't connect to local MySQL server through socket '/var/mysql/mysql.sock' (2) in [CORE/cake/libs/model/datasources/dbo/dbo_mysql.php, line 100]
2007-12-13 22:50:59 Warning: Warning (2): mysql_select_db(): supplied argument is not a valid MySQL-Link resource in [CORE/cake/libs/model/datasources/dbo/dbo_mysql.php, line 105]
2007-12-13 22:50:59 Warning: Warning (2): mysql_query(): supplied argument is not a valid MySQL-Link resource in [CORE/cake/libs/model/datasources/dbo/dbo_mysql.php, line 133]
2007-12-13 22:51:00 Warning: Warning (2): mysql_connect() [<a href='http://php.net/function.mysql-connect'>function.mysql-connect</a>]: Can't connect to local MySQL server through socket '/var/mysql/mysql.sock' (2) in [CORE/cake/libs/model/datasources/dbo/dbo_mysql.php, line 100]
2007-12-13 22:51:00 Warning: Warning (2): mysql_select_db(): supplied argument is not a valid MySQL-Link resource in [CORE/cake/libs/model/datasources/dbo/dbo_mysql.php, line 105]
2007-12-13 22:51:00 Warning: Warning (2): mysql_query(): supplied argument is not a valid MySQL-Link resource in [CORE/cake/libs/model/datasources/dbo/dbo_mysql.php, line 133]
2007-12-13 22:57:57 Warning: Warning (2): ldap_bind() [<a href='http://php.net/function.ldap-bind'>function.ldap-bind</a>]: Unable to bind to server: Can't contact LDAP server in [CORE/app/controllers/faculty_controller.php, line 168]
2007-12-13 22:59:14 Warning: Warning (2): ldap_bind() [<a href='http://php.net/function.ldap-bind'>function.ldap-bind</a>]: Unable to bind to server: Can't contact LDAP server in [CORE/app/controllers/faculty_controller.php, line 168]
2007-12-13 23:00:48 Warning: Warning (2): ldap_bind() [<a href='http://php.net/function.ldap-bind'>function.ldap-bind</a>]: Unable to bind to server: Can't contact LDAP server in [CORE/app/controllers/faculty_controller.php, line 168]
2007-12-13 23:02:43 Warning: Warning (2): ldap_bind() [<a href='http://php.net/function.ldap-bind'>function.ldap-bind</a>]: Unable to bind to server: Can't contact LDAP server in [CORE/app/controllers/faculty_controller.php, line 168]
2007-12-13 23:25:10 Warning: Warning (2): ldap_bind() [<a href='http://php.net/function.ldap-bind'>function.ldap-bind</a>]: Unable to bind to server: Can't contact LDAP server in [CORE/app/controllers/faculty_controller.php, line 168]
2007-12-13 23:25:28 Warning: Warning (2): ldap_bind() [<a href='http://php.net/function.ldap-bind'>function.ldap-bind</a>]: Unable to bind to server: Can't contact LDAP server in [CORE/app/controllers/faculty_controller.php, line 168]
2007-12-13 23:27:12 Warning: Warning (2): ldap_bind() [<a href='http://php.net/function.ldap-bind'>function.ldap-bind</a>]: Unable to bind to server: Can't contact LDAP server in [CORE/app/controllers/faculty_controller.php, line 168]
2007-12-13 23:32:59 Warning: Warning (2): htmlspecialchars() expects parameter 1 to be string, array given in [CORE/cake/libs/view/helpers/html.php, line 270]
2007-12-13 23:33:14 Warning: Warning (2): htmlspecialchars() expects parameter 1 to be string, array given in [CORE/cake/libs/view/helpers/html.php, line 270]
2007-12-13 23:41:57 Warning: Warning (2): Invalid argument supplied for foreach() in [CORE/app/controllers/research_controller.php, line 12]
2007-12-13 23:42:10 Warning: Warning (2): Invalid argument supplied for foreach() in [CORE/app/controllers/research_controller.php, line 12]
2007-12-13 23:42:19 Warning: Warning (2): Invalid argument supplied for foreach() in [CORE/app/controllers/research_controller.php, line 13]
2007-12-14 00:08:18 Warning: Warning (2): array_keys() [<a href='http://php.net/function.array-keys'>function.array-keys</a>]: The first argument should be an array in [CORE/app/controllers/course_controller.php, line 15]
2007-12-14 00:08:18 Warning: Warning (2): in_array() [<a href='http://php.net/function.in-array'>function.in-array</a>]: Wrong datatype for second argument in [CORE/app/controllers/course_controller.php, line 15]
2007-12-14 00:15:01 Warning: Warning (512): <span style = "color:Red;text-align:left"><b>SQL Error:</b> 1064: You have an error in your SQL syntax; check the manual that corresponds to your MySQL server version for the right syntax to use near 'findNameById' at line 1</span> in [CORE/cake/libs/model/datasources/dbo_source.php, line 440]
2007-12-14 00:15:02 Warning: Warning (512): <span style = "color:Red;text-align:left"><b>SQL Error:</b> 1064: You have an error in your SQL syntax; check the manual that corresponds to your MySQL server version for the right syntax to use near 'findNameById' at line 1</span> in [CORE/cake/libs/model/datasources/dbo_source.php, line 440]
2007-12-14 00:26:30 Warning: Warning (2): Invalid argument supplied for foreach() in [CORE/app/views/faculty/list.ctp, line 8]
