2007-07-13 20:06:55 Notice: Notice (8): Undefined variable: form in [CORE/app/views/students/index.thtml, line 6]
2007-07-13 20:07:04 Notice: Notice (8): Undefined variable: form in [CORE/app/views/students/index.thtml, line 6]
2007-07-13 20:07:05 Notice: Notice (8): Undefined variable: form in [CORE/app/views/students/index.thtml, line 6]
2007-07-13 20:12:11 Notice: Notice (8): Undefined variable: form in [CORE/app/views/students/index.thtml, line 6]
2007-07-13 20:26:17 Notice: Notice (8): Undefined variable: from in [CORE/app/views/students/index.thtml, line 6]
2007-07-13 20:56:51 Notice: Notice (8): Undefined variable: test in [CORE/app/views/students/check.ctp, line 3]
2007-07-13 20:57:17 Notice: Notice (8): Undefined variable: test in [CORE/app/views/students/check.ctp, line 3]
2007-07-14 00:12:08 Notice: Notice (8): Undefined index:  label in [CORE/app/views/students/check.ctp, line 19]
2007-07-14 01:48:19 Notice: Notice (8): Undefined variable: titleMessage in [CORE/app/views/students/index.ctp, line 3]
2007-07-14 01:49:06 Notice: Notice (8): Undefined variable: fields in [CORE/app/views/students/check.ctp, line 9]
2007-07-14 02:12:47 Notice: Notice (8): Undefined variable: fields in [CORE/app/views/students/update.ctp, line 9]
2007-07-14 02:37:35 Notice: Notice (8): Undefined index:  error in [CORE/app/views/students/update.ctp, line 13]
2007-07-14 03:59:54 Notice: Notice (8): Undefined index:  sid in [CORE/app/controllers/students_controller.php, line 48]
2007-07-14 03:59:54 Notice: Notice (8): Undefined index:  sid in [CORE/app/controllers/students_controller.php, line 55]
2007-07-14 04:00:52 Notice: Notice (8): Undefined index:  sid in [CORE/app/controllers/students_controller.php, line 56]
2007-07-14 15:01:38 Notice: Notice (8): Undefined variable: test in [CORE/app/views/courses/rest/fetch.ctp, line 5]
2007-07-14 15:19:48 Notice: Notice (8): Undefined variable: fields in [CORE/app/controllers/students_controller.php, line 69]
2007-07-14 15:21:57 Notice: Notice (8): Undefined variable: fields in [CORE/app/controllers/students_controller.php, line 70]
2007-07-14 15:21:57 Notice: Notice (8): Undefined variable: sFields in [CORE/app/views/students/update.ctp, line 8]
2007-07-14 15:21:57 Notice: Notice (8): Undefined variable: gFields in [CORE/app/views/students/update.ctp, line 17]
2007-07-14 15:21:58 Notice: Notice (8): Undefined variable: fields in [CORE/app/controllers/students_controller.php, line 70]
2007-07-14 15:21:58 Notice: Notice (8): Undefined variable: sFields in [CORE/app/views/students/update.ctp, line 8]
2007-07-14 15:21:58 Notice: Notice (8): Undefined variable: gFields in [CORE/app/views/students/update.ctp, line 17]
2007-07-14 15:34:19 Notice: Notice (8): Undefined variable: cid in [CORE/app/controllers/courses_controller.php, line 21]
2007-07-14 15:34:36 Notice: Notice (8): Undefined variable: cid in [CORE/app/controllers/courses_controller.php, line 21]
2007-07-14 15:43:29 Notice: Notice (8): Undefined variable: cid in [CORE/app/controllers/courses_controller.php, line 15]
2007-07-14 15:52:56 Notice: Notice (8): Undefined variable: sFields in [CORE/app/views/students/update.ctp, line 8]
2007-07-14 15:52:56 Notice: Notice (8): Undefined variable: gFields in [CORE/app/views/students/update.ctp, line 17]
2007-07-14 17:18:39 Notice: Notice (8): Undefined variable: courseInfo in [CORE/app/views/students/courses.ctp, line 21]
2007-07-14 17:18:39 Notice: Notice (8): Undefined variable: courseInfo in [CORE/app/views/students/courses.ctp, line 24]
2007-07-14 17:18:39 Notice: Notice (8): Undefined variable: courseInfo in [CORE/app/views/students/courses.ctp, line 27]
2007-07-14 17:19:10 Notice: Notice (8): Undefined variable: courseInfo in [CORE/app/views/students/courses.ctp, line 21]
2007-07-14 17:19:10 Notice: Notice (8): Undefined variable: courseInfo in [CORE/app/views/students/courses.ctp, line 24]
2007-07-14 17:19:10 Notice: Notice (8): Undefined variable: courseInfo in [CORE/app/views/students/courses.ctp, line 27]
2007-07-14 17:19:32 Notice: Notice (8): Undefined variable: courseInfo in [CORE/app/views/students/courses.ctp, line 21]
2007-07-14 17:19:32 Notice: Notice (8): Undefined variable: courseInfo in [CORE/app/views/students/courses.ctp, line 24]
2007-07-14 17:19:32 Notice: Notice (8): Undefined variable: courseInfo in [CORE/app/views/students/courses.ctp, line 27]
2007-07-14 17:20:14 Notice: Notice (8): Undefined variable: conditions in [CORE/app/controllers/courses_controller.php, line 22]
2007-07-14 17:20:14 Notice: Notice (8): Undefined variable: courseInfo in [CORE/app/views/students/courses.ctp, line 21]
2007-07-14 17:20:14 Notice: Notice (8): Undefined variable: courseInfo in [CORE/app/views/students/courses.ctp, line 24]
2007-07-14 17:20:14 Notice: Notice (8): Undefined variable: courseInfo in [CORE/app/views/students/courses.ctp, line 27]
2007-07-14 17:20:29 Notice: Notice (8): Undefined variable: conditions in [CORE/app/controllers/courses_controller.php, line 22]
2007-07-14 17:20:47 Notice: Notice (8): Undefined variable: conditions in [CORE/app/controllers/courses_controller.php, line 22]
