2007-07-13 20:00:20 Warning: Warning (512): Method HtmlHelper::formTag does not exist in [CORE/cake/libs/view/helper.php, line 148]
2007-07-13 20:00:20 Warning: Warning (512): Method HtmlHelper::submit does not exist in [CORE/cake/libs/view/helper.php, line 148]
2007-07-13 20:43:05 Warning: Warning (512): <span style = "color:Red;text-align:left"><b>SQL Error:</b> 1064: You have an error in your SQL syntax; check the manual that corresponds to your MySQL server version for the right syntax to use near '== 040952' at line 1</span> in [CORE/cake/libs/model/datasources/dbo_source.php, line 463]
2007-07-13 21:12:18 Warning: Warning (512): <span style = "color:Red;text-align:left"><b>SQL Error:</b> 1064: You have an error in your SQL syntax; check the manual that corresponds to your MySQL server version for the right syntax to use near '== dsad' at line 1</span> in [CORE/cake/libs/model/datasources/dbo_source.php, line 463]
2007-07-14 01:49:06 Warning: Warning (2): Invalid argument supplied for foreach() in [CORE/app/views/students/check.ctp, line 9]
2007-07-14 01:53:52 Warning: Warning (512): Method FormHelper::generateSelectDiv does not exist in [CORE/cake/libs/view/helper.php, line 148]
2007-07-14 01:57:18 Warning: Warning (512): Method FormHelper::generateSelectDiv does not exist in [CORE/cake/libs/view/helper.php, line 148]
2007-07-14 02:12:47 Warning: Warning (2): Invalid argument supplied for foreach() in [CORE/app/views/students/update.ctp, line 9]
2007-07-14 02:43:44 Warning: Warning (512): <span style = "color:Red;text-align:left"><b>SQL Error:</b> 1054: Unknown column 'Student.sid' in 'where clause'</span> in [CORE/cake/libs/model/datasources/dbo_source.php, line 463]
2007-07-14 15:01:25 Warning: Warning (512): Deprecated: webservices routes are deprecated and will not be supported in future versions.  Use Router::parseExtensions() instead. in [CORE/cake/libs/router.php, line 356]
2007-07-14 15:01:38 Warning: Warning (512): Deprecated: webservices routes are deprecated and will not be supported in future versions.  Use Router::parseExtensions() instead. in [CORE/cake/libs/router.php, line 356]
2007-07-14 15:01:38 Warning: Warning (2): Invalid argument supplied for foreach() in [CORE/app/views/courses/rest/fetch.ctp, line 5]
2007-07-14 15:02:04 Warning: Warning (512): Deprecated: webservices routes are deprecated and will not be supported in future versions.  Use Router::parseExtensions() instead. in [CORE/cake/libs/router.php, line 356]
2007-07-14 15:19:48 Warning: Warning (2): Invalid argument supplied for foreach() in [CORE/app/views/students/update.ctp, line 9]
2007-07-14 15:21:57 Warning: Warning (2): Invalid argument supplied for foreach() in [CORE/app/views/students/update.ctp, line 8]
2007-07-14 15:21:57 Warning: Warning (2): Invalid argument supplied for foreach() in [CORE/app/views/students/update.ctp, line 17]
2007-07-14 15:21:58 Warning: Warning (2): Invalid argument supplied for foreach() in [CORE/app/views/students/update.ctp, line 8]
2007-07-14 15:21:58 Warning: Warning (2): Invalid argument supplied for foreach() in [CORE/app/views/students/update.ctp, line 17]
2007-07-14 15:34:19 Warning: Warning (2): Missing argument 1 for CoursesController::getInfo() in [CORE/app/controllers/courses_controller.php, line 19]
2007-07-14 15:34:36 Warning: Warning (2): Missing argument 1 for CoursesController::getInfo() in [CORE/app/controllers/courses_controller.php, line 19]
2007-07-14 15:39:06 Warning: Warning (512): Deprecated: webservices routes are deprecated and will not be supported in future versions.  Use Router::parseExtensions() instead. in [CORE/cake/libs/router.php, line 356]
2007-07-14 15:39:14 Warning: Warning (512): Deprecated: webservices routes are deprecated and will not be supported in future versions.  Use Router::parseExtensions() instead. in [CORE/cake/libs/router.php, line 356]
2007-07-14 15:39:34 Warning: Warning (512): Deprecated: webservices routes are deprecated and will not be supported in future versions.  Use Router::parseExtensions() instead. in [CORE/cake/libs/router.php, line 356]
2007-07-14 15:40:13 Warning: Warning (512): Deprecated: webservices routes are deprecated and will not be supported in future versions.  Use Router::parseExtensions() instead. in [CORE/cake/libs/router.php, line 356]
2007-07-14 15:40:37 Warning: Warning (512): Deprecated: webservices routes are deprecated and will not be supported in future versions.  Use Router::parseExtensions() instead. in [CORE/cake/libs/router.php, line 356]
2007-07-14 15:41:23 Warning: Warning (512): Deprecated: webservices routes are deprecated and will not be supported in future versions.  Use Router::parseExtensions() instead. in [CORE/cake/libs/router.php, line 356]
2007-07-14 15:41:24 Warning: Warning (512): Deprecated: webservices routes are deprecated and will not be supported in future versions.  Use Router::parseExtensions() instead. in [CORE/cake/libs/router.php, line 356]
2007-07-14 15:41:24 Warning: Warning (512): Deprecated: webservices routes are deprecated and will not be supported in future versions.  Use Router::parseExtensions() instead. in [CORE/cake/libs/router.php, line 356]
2007-07-14 15:41:25 Warning: Warning (512): Deprecated: webservices routes are deprecated and will not be supported in future versions.  Use Router::parseExtensions() instead. in [CORE/cake/libs/router.php, line 356]
2007-07-14 15:41:25 Warning: Warning (512): Deprecated: webservices routes are deprecated and will not be supported in future versions.  Use Router::parseExtensions() instead. in [CORE/cake/libs/router.php, line 356]
2007-07-14 15:41:34 Warning: Warning (512): Deprecated: webservices routes are deprecated and will not be supported in future versions.  Use Router::parseExtensions() instead. in [CORE/cake/libs/router.php, line 356]
2007-07-14 15:43:19 Warning: Warning (512): Deprecated: webservices routes are deprecated and will not be supported in future versions.  Use Router::parseExtensions() instead. in [CORE/cake/libs/router.php, line 356]
2007-07-14 15:43:29 Warning: Warning (512): Deprecated: webservices routes are deprecated and will not be supported in future versions.  Use Router::parseExtensions() instead. in [CORE/cake/libs/router.php, line 356]
2007-07-14 15:43:29 Warning: Warning (2): Missing argument 1 for CoursesController::getInfo() in [CORE/app/controllers/courses_controller.php, line 13]
2007-07-14 15:43:29 Warning: Warning (2): session_start() [<a href='http://php.net/function.session-start'>function.session-start</a>]: Cannot send session cookie - headers already sent by (output started at /Library/WebServer/Documents/cake/cake/basics.php:755) in [CORE/cake/libs/session.php, line 154]
2007-07-14 15:43:29 Warning: Warning (2): session_start() [<a href='http://php.net/function.session-start'>function.session-start</a>]: Cannot send session cache limiter - headers already sent (output started at /Library/WebServer/Documents/cake/cake/basics.php:755) in [CORE/cake/libs/session.php, line 154]
2007-07-14 15:43:29 Warning: Warning (2): Cannot modify header information - headers already sent by (output started at /Library/WebServer/Documents/cake/cake/basics.php:755) in [CORE/cake/libs/session.php, line 155]
2007-07-14 15:43:36 Warning: Warning (512): Deprecated: webservices routes are deprecated and will not be supported in future versions.  Use Router::parseExtensions() instead. in [CORE/cake/libs/router.php, line 356]
2007-07-14 15:43:53 Warning: Warning (512): Deprecated: webservices routes are deprecated and will not be supported in future versions.  Use Router::parseExtensions() instead. in [CORE/cake/libs/router.php, line 356]
2007-07-14 15:44:33 Warning: Warning (512): Deprecated: webservices routes are deprecated and will not be supported in future versions.  Use Router::parseExtensions() instead. in [CORE/cake/libs/router.php, line 356]
2007-07-14 15:46:44 Warning: Warning (512): Deprecated: webservices routes are deprecated and will not be supported in future versions.  Use Router::parseExtensions() instead. in [CORE/cake/libs/router.php, line 356]
2007-07-14 15:46:52 Warning: Warning (512): Deprecated: webservices routes are deprecated and will not be supported in future versions.  Use Router::parseExtensions() instead. in [CORE/cake/libs/router.php, line 356]
2007-07-14 15:46:54 Warning: Warning (512): Deprecated: webservices routes are deprecated and will not be supported in future versions.  Use Router::parseExtensions() instead. in [CORE/cake/libs/router.php, line 356]
2007-07-14 15:48:59 Warning: Warning (512): Deprecated: webservices routes are deprecated and will not be supported in future versions.  Use Router::parseExtensions() instead. in [CORE/cake/libs/router.php, line 356]
2007-07-14 15:49:12 Warning: Warning (512): Deprecated: webservices routes are deprecated and will not be supported in future versions.  Use Router::parseExtensions() instead. in [CORE/cake/libs/router.php, line 356]
2007-07-14 15:49:21 Warning: Warning (512): Deprecated: webservices routes are deprecated and will not be supported in future versions.  Use Router::parseExtensions() instead. in [CORE/cake/libs/router.php, line 356]
2007-07-14 15:49:21 Warning: Warning (512): Deprecated: webservices routes are deprecated and will not be supported in future versions.  Use Router::parseExtensions() instead. in [CORE/cake/libs/router.php, line 356]
2007-07-14 15:52:51 Warning: Warning (512): Deprecated: webservices routes are deprecated and will not be supported in future versions.  Use Router::parseExtensions() instead. in [CORE/cake/libs/router.php, line 356]
2007-07-14 15:52:54 Warning: Warning (512): Deprecated: webservices routes are deprecated and will not be supported in future versions.  Use Router::parseExtensions() instead. in [CORE/cake/libs/router.php, line 356]
2007-07-14 15:52:56 Warning: Warning (512): Deprecated: webservices routes are deprecated and will not be supported in future versions.  Use Router::parseExtensions() instead. in [CORE/cake/libs/router.php, line 356]
2007-07-14 15:52:56 Warning: Warning (2): Invalid argument supplied for foreach() in [CORE/app/views/students/update.ctp, line 8]
2007-07-14 15:52:56 Warning: Warning (2): Invalid argument supplied for foreach() in [CORE/app/views/students/update.ctp, line 17]
2007-07-14 15:53:15 Warning: Warning (512): Deprecated: webservices routes are deprecated and will not be supported in future versions.  Use Router::parseExtensions() instead. in [CORE/cake/libs/router.php, line 356]
2007-07-14 15:53:20 Warning: Warning (512): Deprecated: webservices routes are deprecated and will not be supported in future versions.  Use Router::parseExtensions() instead. in [CORE/cake/libs/router.php, line 356]
2007-07-14 15:53:34 Warning: Warning (512): Deprecated: webservices routes are deprecated and will not be supported in future versions.  Use Router::parseExtensions() instead. in [CORE/cake/libs/router.php, line 356]
2007-07-14 15:54:35 Warning: Warning (512): Deprecated: webservices routes are deprecated and will not be supported in future versions.  Use Router::parseExtensions() instead. in [CORE/cake/libs/router.php, line 356]
2007-07-14 15:56:12 Warning: Warning (512): Deprecated: webservices routes are deprecated and will not be supported in future versions.  Use Router::parseExtensions() instead. in [CORE/cake/libs/router.php, line 356]
2007-07-14 15:57:37 Warning: Warning (512): Deprecated: webservices routes are deprecated and will not be supported in future versions.  Use Router::parseExtensions() instead. in [CORE/cake/libs/router.php, line 356]
2007-07-14 15:58:52 Warning: Warning (512): Deprecated: webservices routes are deprecated and will not be supported in future versions.  Use Router::parseExtensions() instead. in [CORE/cake/libs/router.php, line 356]
2007-07-14 15:58:56 Warning: Warning (512): Deprecated: webservices routes are deprecated and will not be supported in future versions.  Use Router::parseExtensions() instead. in [CORE/cake/libs/router.php, line 356]
2007-07-14 15:58:58 Warning: Warning (512): Deprecated: webservices routes are deprecated and will not be supported in future versions.  Use Router::parseExtensions() instead. in [CORE/cake/libs/router.php, line 356]
2007-07-14 15:59:54 Warning: Warning (512): Deprecated: webservices routes are deprecated and will not be supported in future versions.  Use Router::parseExtensions() instead. in [CORE/cake/libs/router.php, line 356]
2007-07-14 15:59:55 Warning: Warning (512): Deprecated: webservices routes are deprecated and will not be supported in future versions.  Use Router::parseExtensions() instead. in [CORE/cake/libs/router.php, line 356]
2007-07-14 15:59:56 Warning: Warning (512): Deprecated: webservices routes are deprecated and will not be supported in future versions.  Use Router::parseExtensions() instead. in [CORE/cake/libs/router.php, line 356]
2007-07-14 15:59:58 Warning: Warning (512): Deprecated: webservices routes are deprecated and will not be supported in future versions.  Use Router::parseExtensions() instead. in [CORE/cake/libs/router.php, line 356]
2007-07-14 16:00:02 Warning: Warning (512): Deprecated: webservices routes are deprecated and will not be supported in future versions.  Use Router::parseExtensions() instead. in [CORE/cake/libs/router.php, line 356]
2007-07-14 16:13:49 Warning: Warning (512): Deprecated: webservices routes are deprecated and will not be supported in future versions.  Use Router::parseExtensions() instead. in [CORE/cake/libs/router.php, line 356]
2007-07-14 16:27:48 Warning: Warning (512): Deprecated: webservices routes are deprecated and will not be supported in future versions.  Use Router::parseExtensions() instead. in [CORE/cake/libs/router.php, line 356]
2007-07-14 16:29:36 Warning: Warning (512): Deprecated: webservices routes are deprecated and will not be supported in future versions.  Use Router::parseExtensions() instead. in [CORE/cake/libs/router.php, line 356]
2007-07-14 16:29:37 Warning: Warning (512): Deprecated: webservices routes are deprecated and will not be supported in future versions.  Use Router::parseExtensions() instead. in [CORE/cake/libs/router.php, line 356]
2007-07-14 16:30:22 Warning: Warning (512): Deprecated: webservices routes are deprecated and will not be supported in future versions.  Use Router::parseExtensions() instead. in [CORE/cake/libs/router.php, line 356]
2007-07-14 16:36:28 Warning: Warning (512): Deprecated: webservices routes are deprecated and will not be supported in future versions.  Use Router::parseExtensions() instead. in [CORE/cake/libs/router.php, line 356]
2007-07-14 16:36:28 Warning: Warning (2): Missing argument 1 for CoursesController::fetch() in [CORE/app/controllers/courses_controller.php, line 7]
2007-07-14 16:36:32 Warning: Warning (512): Deprecated: webservices routes are deprecated and will not be supported in future versions.  Use Router::parseExtensions() instead. in [CORE/cake/libs/router.php, line 356]
2007-07-14 16:37:38 Warning: Warning (512): Deprecated: webservices routes are deprecated and will not be supported in future versions.  Use Router::parseExtensions() instead. in [CORE/cake/libs/router.php, line 356]
2007-07-14 16:37:44 Warning: Warning (512): Deprecated: webservices routes are deprecated and will not be supported in future versions.  Use Router::parseExtensions() instead. in [CORE/cake/libs/router.php, line 356]
2007-07-14 16:37:51 Warning: Warning (512): Deprecated: webservices routes are deprecated and will not be supported in future versions.  Use Router::parseExtensions() instead. in [CORE/cake/libs/router.php, line 356]
2007-07-14 16:37:52 Warning: Warning (512): Deprecated: webservices routes are deprecated and will not be supported in future versions.  Use Router::parseExtensions() instead. in [CORE/cake/libs/router.php, line 356]
2007-07-14 16:38:00 Warning: Warning (512): Deprecated: webservices routes are deprecated and will not be supported in future versions.  Use Router::parseExtensions() instead. in [CORE/cake/libs/router.php, line 356]
2007-07-14 16:38:00 Warning: Warning (512): <span style = "color:Red;text-align:left"><b>SQL Error:</b> 1054: Unknown column 'Course.department_id' in 'on clause'</span> in [CORE/cake/libs/model/datasources/dbo_source.php, line 463]
2007-07-14 16:40:31 Warning: Warning (512): Deprecated: webservices routes are deprecated and will not be supported in future versions.  Use Router::parseExtensions() instead. in [CORE/cake/libs/router.php, line 356]
2007-07-14 16:40:31 Warning: Warning (512): <span style = "color:Red;text-align:left"><b>SQL Error:</b> 1054: Unknown column 'Course.department_id' in 'on clause'</span> in [CORE/cake/libs/model/datasources/dbo_source.php, line 463]
2007-07-14 16:40:33 Warning: Warning (512): Deprecated: webservices routes are deprecated and will not be supported in future versions.  Use Router::parseExtensions() instead. in [CORE/cake/libs/router.php, line 356]
2007-07-14 16:40:33 Warning: Warning (512): <span style = "color:Red;text-align:left"><b>SQL Error:</b> 1054: Unknown column 'Course.department_id' in 'on clause'</span> in [CORE/cake/libs/model/datasources/dbo_source.php, line 463]
2007-07-14 16:40:38 Warning: Warning (512): Deprecated: webservices routes are deprecated and will not be supported in future versions.  Use Router::parseExtensions() instead. in [CORE/cake/libs/router.php, line 356]
2007-07-14 16:40:38 Warning: Warning (512): <span style = "color:Red;text-align:left"><b>SQL Error:</b> 1054: Unknown column 'Course.department_id' in 'on clause'</span> in [CORE/cake/libs/model/datasources/dbo_source.php, line 463]
2007-07-14 16:40:39 Warning: Warning (512): Deprecated: webservices routes are deprecated and will not be supported in future versions.  Use Router::parseExtensions() instead. in [CORE/cake/libs/router.php, line 356]
2007-07-14 16:40:39 Warning: Warning (512): <span style = "color:Red;text-align:left"><b>SQL Error:</b> 1054: Unknown column 'Course.department_id' in 'on clause'</span> in [CORE/cake/libs/model/datasources/dbo_source.php, line 463]
2007-07-14 16:40:39 Warning: Warning (512): Deprecated: webservices routes are deprecated and will not be supported in future versions.  Use Router::parseExtensions() instead. in [CORE/cake/libs/router.php, line 356]
2007-07-14 16:40:39 Warning: Warning (512): <span style = "color:Red;text-align:left"><b>SQL Error:</b> 1054: Unknown column 'Course.department_id' in 'on clause'</span> in [CORE/cake/libs/model/datasources/dbo_source.php, line 463]
2007-07-14 16:42:35 Warning: Warning (512): Deprecated: webservices routes are deprecated and will not be supported in future versions.  Use Router::parseExtensions() instead. in [CORE/cake/libs/router.php, line 356]
2007-07-14 16:42:48 Warning: Warning (512): Deprecated: webservices routes are deprecated and will not be supported in future versions.  Use Router::parseExtensions() instead. in [CORE/cake/libs/router.php, line 356]
2007-07-14 16:42:48 Warning: Warning (2): Missing argument 1 for CoursesController::fetch() in [CORE/app/controllers/courses_controller.php, line 7]
2007-07-14 16:42:48 Warning: Warning (512): <span style = "color:Red;text-align:left"><b>SQL Error:</b> 1054: Unknown column 'Course.department_id' in 'on clause'</span> in [CORE/cake/libs/model/datasources/dbo_source.php, line 463]
2007-07-14 16:42:48 Warning: Warning (2): session_start() [<a href='http://php.net/function.session-start'>function.session-start</a>]: Cannot send session cookie - headers already sent by (output started at /Library/WebServer/Documents/cake/cake/basics.php:893) in [CORE/cake/libs/session.php, line 154]
2007-07-14 16:42:48 Warning: Warning (2): session_start() [<a href='http://php.net/function.session-start'>function.session-start</a>]: Cannot send session cache limiter - headers already sent (output started at /Library/WebServer/Documents/cake/cake/basics.php:893) in [CORE/cake/libs/session.php, line 154]
2007-07-14 16:42:48 Warning: Warning (2): Cannot modify header information - headers already sent by (output started at /Library/WebServer/Documents/cake/cake/basics.php:893) in [CORE/cake/libs/session.php, line 155]
2007-07-14 16:43:12 Warning: Warning (512): Deprecated: webservices routes are deprecated and will not be supported in future versions.  Use Router::parseExtensions() instead. in [CORE/cake/libs/router.php, line 356]
2007-07-14 16:43:13 Warning: Warning (512): <span style = "color:Red;text-align:left"><b>SQL Error:</b> 1054: Unknown column 'Course.department_id' in 'on clause'</span> in [CORE/cake/libs/model/datasources/dbo_source.php, line 463]
2007-07-14 16:44:06 Warning: Warning (512): Deprecated: webservices routes are deprecated and will not be supported in future versions.  Use Router::parseExtensions() instead. in [CORE/cake/libs/router.php, line 356]
2007-07-14 16:45:20 Warning: Warning (512): Deprecated: webservices routes are deprecated and will not be supported in future versions.  Use Router::parseExtensions() instead. in [CORE/cake/libs/router.php, line 356]
2007-07-14 16:45:29 Warning: Warning (512): Deprecated: webservices routes are deprecated and will not be supported in future versions.  Use Router::parseExtensions() instead. in [CORE/cake/libs/router.php, line 356]
2007-07-14 16:45:58 Warning: Warning (512): Deprecated: webservices routes are deprecated and will not be supported in future versions.  Use Router::parseExtensions() instead. in [CORE/cake/libs/router.php, line 356]
2007-07-14 16:46:27 Warning: Warning (512): Deprecated: webservices routes are deprecated and will not be supported in future versions.  Use Router::parseExtensions() instead. in [CORE/cake/libs/router.php, line 356]
2007-07-14 16:46:30 Warning: Warning (512): Deprecated: webservices routes are deprecated and will not be supported in future versions.  Use Router::parseExtensions() instead. in [CORE/cake/libs/router.php, line 356]
2007-07-14 16:46:34 Warning: Warning (512): Deprecated: webservices routes are deprecated and will not be supported in future versions.  Use Router::parseExtensions() instead. in [CORE/cake/libs/router.php, line 356]
2007-07-14 16:46:36 Warning: Warning (512): Deprecated: webservices routes are deprecated and will not be supported in future versions.  Use Router::parseExtensions() instead. in [CORE/cake/libs/router.php, line 356]
2007-07-14 16:46:36 Warning: Warning (512): <span style = "color:Red;text-align:left"><b>SQL Error:</b> 1054: Unknown column 'Course.department_id' in 'on clause'</span> in [CORE/cake/libs/model/datasources/dbo_source.php, line 463]
2007-07-14 16:46:36 Warning: Warning (2): Invalid argument supplied for foreach() in [CORE/app/controllers/students_controller.php, line 56]
2007-07-14 16:46:36 Warning: Warning (2): session_start() [<a href='http://php.net/function.session-start'>function.session-start</a>]: Cannot send session cookie - headers already sent by (output started at /Library/WebServer/Documents/cake/cake/basics.php:893) in [CORE/cake/libs/session.php, line 154]
2007-07-14 16:46:36 Warning: Warning (2): session_start() [<a href='http://php.net/function.session-start'>function.session-start</a>]: Cannot send session cache limiter - headers already sent (output started at /Library/WebServer/Documents/cake/cake/basics.php:893) in [CORE/cake/libs/session.php, line 154]
2007-07-14 16:46:36 Warning: Warning (2): Cannot modify header information - headers already sent by (output started at /Library/WebServer/Documents/cake/cake/basics.php:893) in [CORE/cake/libs/session.php, line 155]
2007-07-14 16:47:47 Warning: Warning (512): Deprecated: webservices routes are deprecated and will not be supported in future versions.  Use Router::parseExtensions() instead. in [CORE/cake/libs/router.php, line 356]
2007-07-14 16:47:47 Warning: Warning (512): <span style = "color:Red;text-align:left"><b>SQL Error:</b> 1054: Unknown column 'Course.department_id' in 'on clause'</span> in [CORE/cake/libs/model/datasources/dbo_source.php, line 463]
2007-07-14 16:47:47 Warning: Warning (2): Invalid argument supplied for foreach() in [CORE/app/controllers/students_controller.php, line 56]
2007-07-14 16:47:47 Warning: Warning (2): session_start() [<a href='http://php.net/function.session-start'>function.session-start</a>]: Cannot send session cookie - headers already sent by (output started at /Library/WebServer/Documents/cake/cake/basics.php:893) in [CORE/cake/libs/session.php, line 154]
2007-07-14 16:47:47 Warning: Warning (2): session_start() [<a href='http://php.net/function.session-start'>function.session-start</a>]: Cannot send session cache limiter - headers already sent (output started at /Library/WebServer/Documents/cake/cake/basics.php:893) in [CORE/cake/libs/session.php, line 154]
2007-07-14 16:47:47 Warning: Warning (2): Cannot modify header information - headers already sent by (output started at /Library/WebServer/Documents/cake/cake/basics.php:893) in [CORE/cake/libs/session.php, line 155]
2007-07-14 16:48:58 Warning: Warning (512): Deprecated: webservices routes are deprecated and will not be supported in future versions.  Use Router::parseExtensions() instead. in [CORE/cake/libs/router.php, line 356]
2007-07-14 16:48:58 Warning: Warning (512): <span style = "color:Red;text-align:left"><b>SQL Error:</b> 1054: Unknown column 'Course.department_id' in 'on clause'</span> in [CORE/cake/libs/model/datasources/dbo_source.php, line 463]
2007-07-14 16:48:58 Warning: Warning (2): Invalid argument supplied for foreach() in [CORE/app/controllers/students_controller.php, line 56]
2007-07-14 16:48:58 Warning: Warning (2): session_start() [<a href='http://php.net/function.session-start'>function.session-start</a>]: Cannot send session cookie - headers already sent by (output started at /Library/WebServer/Documents/cake/cake/basics.php:893) in [CORE/cake/libs/session.php, line 154]
2007-07-14 16:48:58 Warning: Warning (2): session_start() [<a href='http://php.net/function.session-start'>function.session-start</a>]: Cannot send session cache limiter - headers already sent (output started at /Library/WebServer/Documents/cake/cake/basics.php:893) in [CORE/cake/libs/session.php, line 154]
2007-07-14 16:48:58 Warning: Warning (2): Cannot modify header information - headers already sent by (output started at /Library/WebServer/Documents/cake/cake/basics.php:893) in [CORE/cake/libs/session.php, line 155]
2007-07-14 16:51:44 Warning: Warning (512): Deprecated: webservices routes are deprecated and will not be supported in future versions.  Use Router::parseExtensions() instead. in [CORE/cake/libs/router.php, line 356]
2007-07-14 16:51:44 Warning: Warning (512): <span style = "color:Red;text-align:left"><b>SQL Error:</b> 1054: Unknown column 'Course.department_id' in 'on clause'</span> in [CORE/cake/libs/model/datasources/dbo_source.php, line 463]
2007-07-14 16:51:50 Warning: Warning (512): Deprecated: webservices routes are deprecated and will not be supported in future versions.  Use Router::parseExtensions() instead. in [CORE/cake/libs/router.php, line 356]
2007-07-14 16:51:50 Warning: Warning (512): <span style = "color:Red;text-align:left"><b>SQL Error:</b> 1054: Unknown column 'Course.department_id' in 'on clause'</span> in [CORE/cake/libs/model/datasources/dbo_source.php, line 463]
2007-07-14 16:51:50 Warning: Warning (2): Invalid argument supplied for foreach() in [CORE/app/controllers/students_controller.php, line 56]
2007-07-14 16:51:50 Warning: Warning (2): session_start() [<a href='http://php.net/function.session-start'>function.session-start</a>]: Cannot send session cookie - headers already sent by (output started at /Library/WebServer/Documents/cake/cake/basics.php:893) in [CORE/cake/libs/session.php, line 154]
2007-07-14 16:51:50 Warning: Warning (2): session_start() [<a href='http://php.net/function.session-start'>function.session-start</a>]: Cannot send session cache limiter - headers already sent (output started at /Library/WebServer/Documents/cake/cake/basics.php:893) in [CORE/cake/libs/session.php, line 154]
2007-07-14 16:51:50 Warning: Warning (2): Cannot modify header information - headers already sent by (output started at /Library/WebServer/Documents/cake/cake/basics.php:893) in [CORE/cake/libs/session.php, line 155]
2007-07-14 16:53:10 Warning: Warning (512): Deprecated: webservices routes are deprecated and will not be supported in future versions.  Use Router::parseExtensions() instead. in [CORE/cake/libs/router.php, line 356]
2007-07-14 16:53:10 Warning: Warning (512): <span style = "color:Red;text-align:left"><b>SQL Error:</b> 1054: Unknown column 'Course.department_id' in 'on clause'</span> in [CORE/cake/libs/model/datasources/dbo_source.php, line 463]
2007-07-14 16:53:10 Warning: Warning (2): Invalid argument supplied for foreach() in [CORE/app/controllers/students_controller.php, line 56]
2007-07-14 16:53:10 Warning: Warning (2): session_start() [<a href='http://php.net/function.session-start'>function.session-start</a>]: Cannot send session cookie - headers already sent by (output started at /Library/WebServer/Documents/cake/cake/basics.php:893) in [CORE/cake/libs/session.php, line 154]
2007-07-14 16:53:10 Warning: Warning (2): session_start() [<a href='http://php.net/function.session-start'>function.session-start</a>]: Cannot send session cache limiter - headers already sent (output started at /Library/WebServer/Documents/cake/cake/basics.php:893) in [CORE/cake/libs/session.php, line 154]
2007-07-14 16:53:10 Warning: Warning (2): Cannot modify header information - headers already sent by (output started at /Library/WebServer/Documents/cake/cake/basics.php:893) in [CORE/cake/libs/session.php, line 155]
2007-07-14 16:55:20 Warning: Warning (512): Deprecated: webservices routes are deprecated and will not be supported in future versions.  Use Router::parseExtensions() instead. in [CORE/cake/libs/router.php, line 356]
2007-07-14 16:55:21 Warning: Warning (512): <span style = "color:Red;text-align:left"><b>SQL Error:</b> 1054: Unknown column 'Course.department_id' in 'on clause'</span> in [CORE/cake/libs/model/datasources/dbo_source.php, line 463]
2007-07-14 16:55:21 Warning: Warning (2): Invalid argument supplied for foreach() in [CORE/app/controllers/students_controller.php, line 56]
2007-07-14 16:55:21 Warning: Warning (2): session_start() [<a href='http://php.net/function.session-start'>function.session-start</a>]: Cannot send session cookie - headers already sent by (output started at /Library/WebServer/Documents/cake/cake/basics.php:893) in [CORE/cake/libs/session.php, line 154]
2007-07-14 16:55:21 Warning: Warning (2): session_start() [<a href='http://php.net/function.session-start'>function.session-start</a>]: Cannot send session cache limiter - headers already sent (output started at /Library/WebServer/Documents/cake/cake/basics.php:893) in [CORE/cake/libs/session.php, line 154]
2007-07-14 16:55:21 Warning: Warning (2): Cannot modify header information - headers already sent by (output started at /Library/WebServer/Documents/cake/cake/basics.php:893) in [CORE/cake/libs/session.php, line 155]
2007-07-14 16:55:22 Warning: Warning (512): Deprecated: webservices routes are deprecated and will not be supported in future versions.  Use Router::parseExtensions() instead. in [CORE/cake/libs/router.php, line 356]
2007-07-14 16:56:28 Warning: Warning (512): Deprecated: webservices routes are deprecated and will not be supported in future versions.  Use Router::parseExtensions() instead. in [CORE/cake/libs/router.php, line 356]
2007-07-14 16:56:31 Warning: Warning (512): Deprecated: webservices routes are deprecated and will not be supported in future versions.  Use Router::parseExtensions() instead. in [CORE/cake/libs/router.php, line 356]
2007-07-14 16:56:39 Warning: Warning (512): Deprecated: webservices routes are deprecated and will not be supported in future versions.  Use Router::parseExtensions() instead. in [CORE/cake/libs/router.php, line 356]
2007-07-14 16:56:40 Warning: Warning (512): <span style = "color:Red;text-align:left"><b>SQL Error:</b> 1054: Unknown column 'Student.course_id' in 'field list'</span> in [CORE/cake/libs/model/datasources/dbo_source.php, line 463]
2007-07-14 16:57:10 Warning: Warning (512): Deprecated: webservices routes are deprecated and will not be supported in future versions.  Use Router::parseExtensions() instead. in [CORE/cake/libs/router.php, line 356]
2007-07-14 16:57:14 Warning: Warning (512): Deprecated: webservices routes are deprecated and will not be supported in future versions.  Use Router::parseExtensions() instead. in [CORE/cake/libs/router.php, line 356]
2007-07-14 16:57:20 Warning: Warning (512): Deprecated: webservices routes are deprecated and will not be supported in future versions.  Use Router::parseExtensions() instead. in [CORE/cake/libs/router.php, line 356]
2007-07-14 16:58:00 Warning: Warning (512): Deprecated: webservices routes are deprecated and will not be supported in future versions.  Use Router::parseExtensions() instead. in [CORE/cake/libs/router.php, line 356]
2007-07-14 16:58:12 Warning: Warning (512): Deprecated: webservices routes are deprecated and will not be supported in future versions.  Use Router::parseExtensions() instead. in [CORE/cake/libs/router.php, line 356]
2007-07-14 16:58:22 Warning: Warning (512): Deprecated: webservices routes are deprecated and will not be supported in future versions.  Use Router::parseExtensions() instead. in [CORE/cake/libs/router.php, line 356]
2007-07-14 16:58:22 Warning: Warning (512): <span style = "color:Red;text-align:left"><b>SQL Error:</b> 1054: Unknown column 'Student.course_id' in 'field list'</span> in [CORE/cake/libs/model/datasources/dbo_source.php, line 463]
2007-07-14 16:58:22 Warning: Warning (2): Invalid argument supplied for foreach() in [CORE/app/controllers/students_controller.php, line 56]
2007-07-14 16:58:22 Warning: Warning (2): session_start() [<a href='http://php.net/function.session-start'>function.session-start</a>]: Cannot send session cookie - headers already sent by (output started at /Library/WebServer/Documents/cake/cake/basics.php:893) in [CORE/cake/libs/session.php, line 154]
2007-07-14 16:58:22 Warning: Warning (2): session_start() [<a href='http://php.net/function.session-start'>function.session-start</a>]: Cannot send session cache limiter - headers already sent (output started at /Library/WebServer/Documents/cake/cake/basics.php:893) in [CORE/cake/libs/session.php, line 154]
2007-07-14 16:58:22 Warning: Warning (2): Cannot modify header information - headers already sent by (output started at /Library/WebServer/Documents/cake/cake/basics.php:893) in [CORE/cake/libs/session.php, line 155]
2007-07-14 16:59:49 Warning: Warning (512): Deprecated: webservices routes are deprecated and will not be supported in future versions.  Use Router::parseExtensions() instead. in [CORE/cake/libs/router.php, line 356]
2007-07-14 17:00:20 Warning: Warning (512): Deprecated: webservices routes are deprecated and will not be supported in future versions.  Use Router::parseExtensions() instead. in [CORE/cake/libs/router.php, line 356]
2007-07-14 17:00:20 Warning: Warning (2): Invalid argument supplied for foreach() in [CORE/app/controllers/students_controller.php, line 56]
2007-07-14 17:00:20 Warning: Warning (2): session_start() [<a href='http://php.net/function.session-start'>function.session-start</a>]: Cannot send session cookie - headers already sent by (output started at /Library/WebServer/Documents/cake/cake/basics.php:893) in [CORE/cake/libs/session.php, line 154]
2007-07-14 17:00:20 Warning: Warning (2): session_start() [<a href='http://php.net/function.session-start'>function.session-start</a>]: Cannot send session cache limiter - headers already sent (output started at /Library/WebServer/Documents/cake/cake/basics.php:893) in [CORE/cake/libs/session.php, line 154]
2007-07-14 17:00:20 Warning: Warning (2): Cannot modify header information - headers already sent by (output started at /Library/WebServer/Documents/cake/cake/basics.php:893) in [CORE/cake/libs/session.php, line 155]
2007-07-14 17:00:37 Warning: Warning (512): Deprecated: webservices routes are deprecated and will not be supported in future versions.  Use Router::parseExtensions() instead. in [CORE/cake/libs/router.php, line 356]
2007-07-14 17:07:15 Warning: Warning (512): Deprecated: webservices routes are deprecated and will not be supported in future versions.  Use Router::parseExtensions() instead. in [CORE/cake/libs/router.php, line 356]
2007-07-14 17:07:24 Warning: Warning (512): Deprecated: webservices routes are deprecated and will not be supported in future versions.  Use Router::parseExtensions() instead. in [CORE/cake/libs/router.php, line 356]
2007-07-14 17:07:39 Warning: Warning (512): Deprecated: webservices routes are deprecated and will not be supported in future versions.  Use Router::parseExtensions() instead. in [CORE/cake/libs/router.php, line 356]
2007-07-14 17:08:10 Warning: Warning (512): Deprecated: webservices routes are deprecated and will not be supported in future versions.  Use Router::parseExtensions() instead. in [CORE/cake/libs/router.php, line 356]
2007-07-14 17:08:31 Warning: Warning (512): Deprecated: webservices routes are deprecated and will not be supported in future versions.  Use Router::parseExtensions() instead. in [CORE/cake/libs/router.php, line 356]
2007-07-14 17:09:32 Warning: Warning (512): Deprecated: webservices routes are deprecated and will not be supported in future versions.  Use Router::parseExtensions() instead. in [CORE/cake/libs/router.php, line 356]
2007-07-14 17:12:20 Warning: Warning (512): Deprecated: webservices routes are deprecated and will not be supported in future versions.  Use Router::parseExtensions() instead. in [CORE/cake/libs/router.php, line 356]
2007-07-14 17:12:20 Warning: Warning (2): Invalid argument supplied for foreach() in [CORE/app/controllers/students_controller.php, line 56]
2007-07-14 17:12:20 Warning: Warning (2): session_start() [<a href='http://php.net/function.session-start'>function.session-start</a>]: Cannot send session cookie - headers already sent by (output started at /Library/WebServer/Documents/cake/cake/basics.php:934) in [CORE/cake/libs/session.php, line 154]
2007-07-14 17:12:20 Warning: Warning (2): session_start() [<a href='http://php.net/function.session-start'>function.session-start</a>]: Cannot send session cache limiter - headers already sent (output started at /Library/WebServer/Documents/cake/cake/basics.php:934) in [CORE/cake/libs/session.php, line 154]
2007-07-14 17:12:20 Warning: Warning (2): Cannot modify header information - headers already sent by (output started at /Library/WebServer/Documents/cake/cake/basics.php:934) in [CORE/cake/libs/session.php, line 155]
2007-07-14 17:12:50 Warning: Warning (512): Deprecated: webservices routes are deprecated and will not be supported in future versions.  Use Router::parseExtensions() instead. in [CORE/cake/libs/router.php, line 356]
2007-07-14 17:12:50 Warning: Warning (2): Invalid argument supplied for foreach() in [CORE/app/controllers/students_controller.php, line 56]
2007-07-14 17:12:50 Warning: Warning (2): session_start() [<a href='http://php.net/function.session-start'>function.session-start</a>]: Cannot send session cookie - headers already sent by (output started at /Library/WebServer/Documents/cake/cake/basics.php:934) in [CORE/cake/libs/session.php, line 154]
2007-07-14 17:12:50 Warning: Warning (2): session_start() [<a href='http://php.net/function.session-start'>function.session-start</a>]: Cannot send session cache limiter - headers already sent (output started at /Library/WebServer/Documents/cake/cake/basics.php:934) in [CORE/cake/libs/session.php, line 154]
2007-07-14 17:12:50 Warning: Warning (2): Cannot modify header information - headers already sent by (output started at /Library/WebServer/Documents/cake/cake/basics.php:934) in [CORE/cake/libs/session.php, line 155]
2007-07-14 17:13:11 Warning: Warning (512): Deprecated: webservices routes are deprecated and will not be supported in future versions.  Use Router::parseExtensions() instead. in [CORE/cake/libs/router.php, line 356]
2007-07-14 17:13:11 Warning: Warning (2): Invalid argument supplied for foreach() in [CORE/app/controllers/students_controller.php, line 57]
2007-07-14 17:13:11 Warning: Warning (2): session_start() [<a href='http://php.net/function.session-start'>function.session-start</a>]: Cannot send session cookie - headers already sent by (output started at /Library/WebServer/Documents/cake/cake/basics.php:893) in [CORE/cake/libs/session.php, line 154]
2007-07-14 17:13:11 Warning: Warning (2): session_start() [<a href='http://php.net/function.session-start'>function.session-start</a>]: Cannot send session cache limiter - headers already sent (output started at /Library/WebServer/Documents/cake/cake/basics.php:893) in [CORE/cake/libs/session.php, line 154]
2007-07-14 17:13:11 Warning: Warning (2): Cannot modify header information - headers already sent by (output started at /Library/WebServer/Documents/cake/cake/basics.php:893) in [CORE/cake/libs/session.php, line 155]
2007-07-14 17:13:28 Warning: Warning (512): Deprecated: webservices routes are deprecated and will not be supported in future versions.  Use Router::parseExtensions() instead. in [CORE/cake/libs/router.php, line 356]
2007-07-14 17:18:26 Warning: Warning (512): Deprecated: webservices routes are deprecated and will not be supported in future versions.  Use Router::parseExtensions() instead. in [CORE/cake/libs/router.php, line 356]
2007-07-14 17:18:39 Warning: Warning (512): Deprecated: webservices routes are deprecated and will not be supported in future versions.  Use Router::parseExtensions() instead. in [CORE/cake/libs/router.php, line 356]
2007-07-14 17:19:09 Warning: Warning (512): Deprecated: webservices routes are deprecated and will not be supported in future versions.  Use Router::parseExtensions() instead. in [CORE/cake/libs/router.php, line 356]
2007-07-14 17:19:32 Warning: Warning (512): Deprecated: webservices routes are deprecated and will not be supported in future versions.  Use Router::parseExtensions() instead. in [CORE/cake/libs/router.php, line 356]
2007-07-14 17:19:47 Warning: Warning (512): Deprecated: webservices routes are deprecated and will not be supported in future versions.  Use Router::parseExtensions() instead. in [CORE/cake/libs/router.php, line 356]
2007-07-14 17:20:14 Warning: Warning (512): Deprecated: webservices routes are deprecated and will not be supported in future versions.  Use Router::parseExtensions() instead. in [CORE/cake/libs/router.php, line 356]
2007-07-14 17:20:14 Warning: Warning (2): Invalid argument supplied for foreach() in [CORE/app/views/courses/rest/info.ctp, line 5]
2007-07-14 17:20:14 Warning: Warning (2): session_start() [<a href='http://php.net/function.session-start'>function.session-start</a>]: Cannot send session cookie - headers already sent by (output started at /Library/WebServer/Documents/cake/app/controllers/students_controller.php:57) in [CORE/cake/libs/session.php, line 154]
2007-07-14 17:20:14 Warning: Warning (2): session_start() [<a href='http://php.net/function.session-start'>function.session-start</a>]: Cannot send session cache limiter - headers already sent (output started at /Library/WebServer/Documents/cake/app/controllers/students_controller.php:57) in [CORE/cake/libs/session.php, line 154]
2007-07-14 17:20:14 Warning: Warning (2): Cannot modify header information - headers already sent by (output started at /Library/WebServer/Documents/cake/app/controllers/students_controller.php:57) in [CORE/cake/libs/session.php, line 155]
2007-07-14 17:20:29 Warning: Warning (512): Deprecated: webservices routes are deprecated and will not be supported in future versions.  Use Router::parseExtensions() instead. in [CORE/cake/libs/router.php, line 356]
2007-07-14 17:20:29 Warning: Warning (2): Invalid argument supplied for foreach() in [CORE/app/views/courses/rest/info.ctp, line 5]
2007-07-14 17:20:47 Warning: Warning (512): Deprecated: webservices routes are deprecated and will not be supported in future versions.  Use Router::parseExtensions() instead. in [CORE/cake/libs/router.php, line 356]
2007-07-14 17:20:47 Warning: Warning (2): Invalid argument supplied for foreach() in [CORE/app/views/courses/rest/info.ctp, line 5]
2007-07-14 17:21:23 Warning: Warning (512): Deprecated: webservices routes are deprecated and will not be supported in future versions.  Use Router::parseExtensions() instead. in [CORE/cake/libs/router.php, line 356]
2007-07-14 17:21:31 Warning: Warning (512): Deprecated: webservices routes are deprecated and will not be supported in future versions.  Use Router::parseExtensions() instead. in [CORE/cake/libs/router.php, line 356]
2007-07-14 17:21:35 Warning: Warning (512): Deprecated: webservices routes are deprecated and will not be supported in future versions.  Use Router::parseExtensions() instead. in [CORE/cake/libs/router.php, line 356]
2007-07-14 17:21:41 Warning: Warning (512): Deprecated: webservices routes are deprecated and will not be supported in future versions.  Use Router::parseExtensions() instead. in [CORE/cake/libs/router.php, line 356]
2007-07-14 17:21:44 Warning: Warning (512): Deprecated: webservices routes are deprecated and will not be supported in future versions.  Use Router::parseExtensions() instead. in [CORE/cake/libs/router.php, line 356]
2007-07-14 17:21:48 Warning: Warning (512): Deprecated: webservices routes are deprecated and will not be supported in future versions.  Use Router::parseExtensions() instead. in [CORE/cake/libs/router.php, line 356]
2007-07-14 17:22:01 Warning: Warning (512): Deprecated: webservices routes are deprecated and will not be supported in future versions.  Use Router::parseExtensions() instead. in [CORE/cake/libs/router.php, line 356]
2007-07-14 17:22:44 Warning: Warning (512): Deprecated: webservices routes are deprecated and will not be supported in future versions.  Use Router::parseExtensions() instead. in [CORE/cake/libs/router.php, line 356]
2007-07-14 17:23:00 Warning: Warning (512): Deprecated: webservices routes are deprecated and will not be supported in future versions.  Use Router::parseExtensions() instead. in [CORE/cake/libs/router.php, line 356]
2007-07-14 17:23:24 Warning: Warning (512): Deprecated: webservices routes are deprecated and will not be supported in future versions.  Use Router::parseExtensions() instead. in [CORE/cake/libs/router.php, line 356]
2007-07-14 17:23:35 Warning: Warning (512): Deprecated: webservices routes are deprecated and will not be supported in future versions.  Use Router::parseExtensions() instead. in [CORE/cake/libs/router.php, line 356]
2007-07-14 17:26:44 Warning: Warning (512): Deprecated: webservices routes are deprecated and will not be supported in future versions.  Use Router::parseExtensions() instead. in [CORE/cake/libs/router.php, line 356]
2007-07-14 17:26:51 Warning: Warning (512): Deprecated: webservices routes are deprecated and will not be supported in future versions.  Use Router::parseExtensions() instead. in [CORE/cake/libs/router.php, line 356]
